07-29-2020 @ 06:30:18 - WC_Gateway_PPEC_Client::_request: remote request to https://api-3t.paypal.com/nvp with params: Array
(
    [METHOD] => GetPalDetails
    [VERSION] => 120.0
    [USER] => 
    [PWD] => 
    [SIGNATURE] => 
)

07-29-2020 @ 06:30:19 - WC_Gateway_PPEC_Client::_process_response: acknowleged response body: Array
(
    [TIMESTAMP] => 2020-07-29T06:30:19Z
    [CORRELATIONID] => cac65fd66d71f
    [ACK] => Failure
    [VERSION] => 120.0
    [BUILD] => 54686869
    [L_ERRORCODE0] => 10002
    [L_SHORTMESSAGE0] => Authentication/Authorization Failed
    [L_LONGMESSAGE0] => You do not have permissions to make this API call
    [L_SEVERITYCODE0] => Error
)

07-29-2020 @ 06:30:37 - WC_Gateway_PPEC_Client::_request: remote request to https://api-3t.paypal.com/nvp with params: Array
(
    [METHOD] => GetPalDetails
    [VERSION] => 120.0
    [USER] => 
    [PWD] => 
    [SIGNATURE] => 
)

07-29-2020 @ 06:30:38 - WC_Gateway_PPEC_Client::_process_response: acknowleged response body: Array
(
    [TIMESTAMP] => 2020-07-29T06:30:38Z
    [CORRELATIONID] => abcb7b5d16f23
    [ACK] => Failure
    [VERSION] => 120.0
    [BUILD] => 54686869
    [L_ERRORCODE0] => 10002
    [L_SHORTMESSAGE0] => Authentication/Authorization Failed
    [L_LONGMESSAGE0] => You do not have permissions to make this API call
    [L_SEVERITYCODE0] => Error
)

07-29-2020 @ 06:30:55 - WC_Gateway_PPEC_Client::_request: remote request to https://api-3t.paypal.com/nvp with params: Array
(
    [LOGOIMG] => 
    [HDRIMG] => 
    [PAGESTYLE] => 
    [BRANDNAME] => Paudala
    [RETURNURL] => http://localhost/paudala/checkout/?woo-paypal-return=true
    [CANCELURL] => http://localhost/paudala/cart__trashed/?woo-paypal-cancel=true
    [ADDROVERRIDE] => 1
    [LANDINGPAGE] => Login
    [SOLUTIONTYPE] => Sole
    [PAYMENTREQUEST_0_PAYMENTACTION] => sale
    [PAYMENTREQUEST_0_INSURANCEAMT] => 0
    [PAYMENTREQUEST_0_HANDLINGAMT] => 0
    [PAYMENTREQUEST_0_CUSTOM] => 
    [PAYMENTREQUEST_0_INVNUM] => 
    [PAYMENTREQUEST_0_CURRENCYCODE] => USD
    [PAYMENTREQUEST_0_AMT] => 246
    [PAYMENTREQUEST_0_ITEMAMT] => 246
    [PAYMENTREQUEST_0_SHIPPINGAMT] => 0
    [PAYMENTREQUEST_0_TAXAMT] => 0
    [PAYMENTREQUEST_0_SHIPDISCAMT] => 0
    [NOSHIPPING] => 0
    [EMAIL] => ronnieubas123@gmail.com
    [PAYMENTREQUEST_0_SHIPTONAME] => Test Test
    [PAYMENTREQUEST_0_SHIPTOSTREET] => Test
    [PAYMENTREQUEST_0_SHIPTOSTREET2] => Test
    [PAYMENTREQUEST_0_SHIPTOCITY] => Test
    [PAYMENTREQUEST_0_SHIPTOSTATE] => NEC
    [PAYMENTREQUEST_0_SHIPTOZIP] => 6100
    [PAYMENTREQUEST_0_SHIPTOCOUNTRYCODE] => PH
    [PAYMENTREQUEST_0_SHIPTOPHONENUM] => 09187008922
    [L_PAYMENTREQUEST_0_NAME0] => TORO Multivitamin for Men
    [L_PAYMENTREQUEST_0_DESC0] => Toro’s active ingredients
    [L_PAYMENTREQUEST_0_QTY0] => 1
    [L_PAYMENTREQUEST_0_AMT0] => 79
    [L_PAYMENTREQUEST_0_NUMBER0] => A-000-000
    [L_PAYMENTREQUEST_0_NAME1] => P2
    [L_PAYMENTREQUEST_0_DESC1] => P2
    [L_PAYMENTREQUEST_0_QTY1] => 1
    [L_PAYMENTREQUEST_0_AMT1] => 167
    [L_PAYMENTREQUEST_0_NUMBER1] => 
    [METHOD] => SetExpressCheckout
    [VERSION] => 120.0
    [USER] => 
    [PWD] => 
    [SIGNATURE] => 
)

07-29-2020 @ 06:30:56 - WC_Gateway_PPEC_Client::_process_response: acknowleged response body: Array
(
    [TIMESTAMP] => 2020-07-29T06:30:56Z
    [CORRELATIONID] => 5f7da5834340d
    [ACK] => Failure
    [VERSION] => 120.0
    [BUILD] => 54759983
    [L_ERRORCODE0] => 10002
    [L_SHORTMESSAGE0] => Authentication/Authorization Failed
    [L_LONGMESSAGE0] => You do not have permissions to make this API call
    [L_SEVERITYCODE0] => Error
)

